  Main.cpp
c:\users\daniel\documents\visual studio 2015\projects\tp_so2_v4\gamelibrary\conts.h(4): warning C4005: 'BUFSIZE': macro redefinition
  c:\users\daniel\documents\visual studio 2015\projects\tp_so2_v4\client\resource.h(2): note: see previous definition of 'BUFSIZE'
c:\users\daniel\documents\visual studio 2015\projects\tp_so2_v4\gamelibrary\gamelib.h(53): warning C4101: 'fInit': unreferenced local variable
c:\users\daniel\documents\visual studio 2015\projects\tp_so2_v4\gamelibrary\gamelib.h(53): warning C4101: 'fIgnore': unreferenced local variable
c:\users\daniel\documents\visual studio 2015\projects\tp_so2_v4\client\clientcomm.h(52): warning C4996: '_swprintf': This function or variable may be unsafe. Consider using _swprintf_s instead. To disable deprecation, use _CRT_SECURE_NO_WARNINGS. See online help for details.
  c:\program files (x86)\windows kits\10\include\10.0.10240.0\ucrt\corecrt_wstdio.h(1444): note: see declaration of '_swprintf'
c:\users\daniel\documents\visual studio 2015\projects\tp_so2_v4\client\clientcomm.h(70): warning C4996: '_swprintf': This function or variable may be unsafe. Consider using _swprintf_s instead. To disable deprecation, use _CRT_SECURE_NO_WARNINGS. See online help for details.
  c:\program files (x86)\windows kits\10\include\10.0.10240.0\ucrt\corecrt_wstdio.h(1444): note: see declaration of '_swprintf'
c:\users\daniel\documents\visual studio 2015\projects\tp_so2_v4\client\clientcomm.h(98): warning C4996: '_swprintf': This function or variable may be unsafe. Consider using _swprintf_s instead. To disable deprecation, use _CRT_SECURE_NO_WARNINGS. See online help for details.
  c:\program files (x86)\windows kits\10\include\10.0.10240.0\ucrt\corecrt_wstdio.h(1444): note: see declaration of '_swprintf'
c:\users\daniel\documents\visual studio 2015\projects\tp_so2_v4\client\clientcomm.h(110): warning C4996: '_swprintf': This function or variable may be unsafe. Consider using _swprintf_s instead. To disable deprecation, use _CRT_SECURE_NO_WARNINGS. See online help for details.
  c:\program files (x86)\windows kits\10\include\10.0.10240.0\ucrt\corecrt_wstdio.h(1444): note: see declaration of '_swprintf'
c:\users\daniel\documents\visual studio 2015\projects\tp_so2_v4\client\clientcomm.h(111): warning C4996: 'wcscpy': This function or variable may be unsafe. Consider using wcscpy_s instead. To disable deprecation, use _CRT_SECURE_NO_WARNINGS. See online help for details.
  c:\program files (x86)\windows kits\10\include\10.0.10240.0\ucrt\corecrt_wstring.h(121): note: see declaration of 'wcscpy'
c:\users\daniel\documents\visual studio 2015\projects\tp_so2_v4\client\clientcomm.h(105): warning C4101: 'dim': unreferenced local variable
c:\users\daniel\documents\visual studio 2015\projects\tp_so2_v4\client\clientcomm.h(128): warning C4996: '_swprintf': This function or variable may be unsafe. Consider using _swprintf_s instead. To disable deprecation, use _CRT_SECURE_NO_WARNINGS. See online help for details.
  c:\program files (x86)\windows kits\10\include\10.0.10240.0\ucrt\corecrt_wstdio.h(1444): note: see declaration of '_swprintf'
c:\users\daniel\documents\visual studio 2015\projects\tp_so2_v4\client\clientcomm.h(160): warning C4996: '_swprintf': This function or variable may be unsafe. Consider using _swprintf_s instead. To disable deprecation, use _CRT_SECURE_NO_WARNINGS. See online help for details.
  c:\program files (x86)\windows kits\10\include\10.0.10240.0\ucrt\corecrt_wstdio.h(1444): note: see declaration of '_swprintf'
c:\users\daniel\documents\visual studio 2015\projects\tp_so2_v4\client\clientcomm.h(169): warning C4996: '_swprintf': This function or variable may be unsafe. Consider using _swprintf_s instead. To disable deprecation, use _CRT_SECURE_NO_WARNINGS. See online help for details.
  c:\program files (x86)\windows kits\10\include\10.0.10240.0\ucrt\corecrt_wstdio.h(1444): note: see declaration of '_swprintf'
c:\users\daniel\documents\visual studio 2015\projects\tp_so2_v4\client\main.cpp(76): warning C4018: '<': signed/unsigned mismatch
c:\users\daniel\documents\visual studio 2015\projects\tp_so2_v4\client\clientcomm.h(173): warning C4715: 'connectToServer': not all control paths return a value
  Client.vcxproj -> C:\Users\Daniel\documents\visual studio 2015\Projects\TP_SO2_V4\Debug\Client.exe
  Client.vcxproj -> C:\Users\Daniel\documents\visual studio 2015\Projects\TP_SO2_V4\Debug\Client.pdb (Full PDB)
